Started on Jul 8, 2022, 12:22:51 PM
Started by event from 140.82.115.92 ⇒ http://34.227.151.229:8080/github-webhook/ on Fri Jul 08 12:22:51 UTC 2022
Polling SCM changes on built-in
Using strategy: Default
[poll] Last Built Revision: Revision 0581d38e77cc1ca6d65204a736cdee8fb47762c9 (refs/remotes/origin/master)
The recommended git tool is: NONE
No credentials specified
 > git rev-parse --resolve-git-dir /var/lib/jenkins/workspace/Samplegit/.git # timeout=10
Fetching changes from the remote Git repositories
 > git config remote.origin.url https://github.com/Srikanthkittane/Srikanthkittane.git # timeout=10
Fetching upstream changes from https://github.com/Srikanthkittane/Srikanthkittane.git
 > git --version # timeout=10
 > git --version # 'git version 2.25.1'
 > git fetch --tags --force --progress -- https://github.com/Srikanthkittane/Srikanthkittane.git +refs/heads/*:refs/remotes/origin/* # timeout=10
Polling for changes in
Seen branch in repository origin/master
Seen branch in repository origin/test1
Seen branch in repository origin/test2
Seen 3 remote branches
 > git show-ref --tags -d # timeout=10
 > git log --full-history --no-abbrev --format=raw -M -m 0581d38e77cc1ca6d65204a736cdee8fb47762c9..915d756932ec7ace89cf13db9864c6b82a135377 # timeout=10
Done. Took 0.38 sec
Changes found
