Started at Tue Jul 12 06:20:23 UTC 2022
Processing Assignment
Offering Assignment to Project Build Discarder
Processing Newassignment
Offering Newassignment to Project Build Discarder
Processing newpipeline
Offering newpipeline to Project Build Discarder
Processing practicejob
Offering practicejob to Project Build Discarder
Processing Sample Job
Offering Sample Job to Project Build Discarder
Processing Samplegit
Offering Samplegit to Project Build Discarder
Finished at Tue Jul 12 06:20:23 UTC 2022. 6ms
Started at Tue Jul 12 07:20:23 UTC 2022
Processing Assignment
Offering Assignment to Project Build Discarder
Processing Newassignment
Offering Newassignment to Project Build Discarder
Processing newpipeline
Offering newpipeline to Project Build Discarder
Processing practicejob
Offering practicejob to Project Build Discarder
Processing Sample Job
Offering Sample Job to Project Build Discarder
Processing Samplegit
Offering Samplegit to Project Build Discarder
Finished at Tue Jul 12 07:20:23 UTC 2022. 0ms
Started at Tue Jul 12 08:20:23 UTC 2022
Processing Assignment
Offering Assignment to Project Build Discarder
Processing Newassignment
Offering Newassignment to Project Build Discarder
Processing newpipeline
Offering newpipeline to Project Build Discarder
Processing practicejob
Offering practicejob to Project Build Discarder
Processing Sample Job
Offering Sample Job to Project Build Discarder
Processing Samplegit
Offering Samplegit to Project Build Discarder
Finished at Tue Jul 12 08:20:23 UTC 2022. 0ms
Started at Tue Jul 12 09:20:23 UTC 2022
Processing Assignment
Offering Assignment to Project Build Discarder
Processing Newassignment
Offering Newassignment to Project Build Discarder
Processing newpipeline
Offering newpipeline to Project Build Discarder
Processing practicejob
Offering practicejob to Project Build Discarder
Processing Sample Job
Offering Sample Job to Project Build Discarder
Processing Samplegit
Offering Samplegit to Project Build Discarder
Finished at Tue Jul 12 09:20:23 UTC 2022. 0ms
